[19:33:14] [ServerMain/INFO]: [bootstrap] Running Java 21 (OpenJDK 64-Bit Server VM 21.0.8+9-Ubuntu-0ubuntu124.04.1; Ubuntu null) on Linux 6.8.0-1030-azure (amd64)
[19:33:14] [ServerMain/INFO]: [bootstrap] Loading Paper 1.21.8-6-main@782ce95 (2025-07-18T20:26:58Z) for Minecraft 1.21.8
[19:33:15] [ServerMain/INFO]: [PluginInitializerManager] Initializing plugins...
[19:33:15] [ServerMain/INFO]: [PluginInitializerManager] Initialized 1 plugin
[19:33:15] [ServerMain/INFO]: [PluginInitializerManager] Bukkit plugins (1):
 - SkinsRestorer (15.7.7)
[19:33:20] [ServerMain/INFO]: Environment: Environment[sessionHost=https://sessionserver.mojang.com, servicesHost=https://api.minecraftservices.com, name=PROD]
[19:33:22] [ServerMain/INFO]: Loaded 1407 recipes
[19:33:22] [ServerMain/INFO]: Loaded 1520 advancements
[19:33:22] [ServerMain/INFO]: [ca.spottedleaf.dataconverter.minecraft.datatypes.MCTypeRegistry] Initialising converters for DataConverter...
[19:33:23] [ServerMain/INFO]: [ca.spottedleaf.dataconverter.minecraft.datatypes.MCTypeRegistry] Finished initialising converters for DataConverter in 428.1ms
[19:33:23] [Server thread/INFO]: Starting minecraft server version 1.21.8
[19:33:23] [Server thread/INFO]: Loading properties
[19:33:23] [Server thread/INFO]: This server is running Paper version 1.21.8-6-main@782ce95 (2025-07-18T20:26:58Z) (Implementing API version 1.21.8-R0.1-SNAPSHOT)
[19:33:23] [Server thread/INFO]: [spark] This server bundles the spark profiler. For more information please visit https://docs.papermc.io/paper/profiling
[19:33:23] [Server thread/INFO]: Server Ping Player Sample Count: 12
[19:33:23] [Server thread/INFO]: Using 4 threads for Netty based IO
[19:33:24] [Server thread/INFO]: [MoonriseCommon] Paper is using 1 worker threads, 1 I/O threads
[19:33:24] [Server thread/INFO]: [ChunkTaskScheduler] Chunk system is using population gen parallelism: true
[19:33:24] [Server thread/INFO]: Default game type: SURVIVAL
[19:33:24] [Server thread/INFO]: Generating keypair
[19:33:24] [Server thread/INFO]: Starting Minecraft server on *:25565
[19:33:24] [Server thread/INFO]: Using epoll channel type
[19:33:24] [Server thread/INFO]: Paper: Using libdeflate (Linux x86_64) compression from Velocity.
[19:33:24] [Server thread/INFO]: Paper: Using OpenSSL 3.x.x (Linux x86_64) cipher from Velocity.
[19:33:25] [Server thread/INFO]: [SkinsRestorer] Loading server plugin SkinsRestorer v15.7.7
[19:33:25] [Server thread/INFO]: Server permissions file permissions.yml is empty, ignoring it
[19:33:25] [Server thread/INFO]: [SkinsRestorer] Enabling SkinsRestorer v15.7.7
[19:33:26] [Server thread/INFO]: [SkinsRestorer] Running on Minecraft 1.21.8.
[19:33:26] [Server thread/INFO]: [SkinsRestorer] Using paper join listener!
[19:33:26] [Server thread/WARN]: **** SERVER IS RUNNING IN OFFLINE/INSECURE MODE!
[19:33:26] [Server thread/WARN]: The server will make no attempt to authenticate usernames. Beware.
[19:33:26] [Server thread/WARN]: While this makes the game possible to play without internet access, it also opens up the ability for hackers to connect with any username they choose.
[19:33:26] [Server thread/WARN]: To change this, set "online-mode" to "true" in the server.properties file.
[19:33:26] [Server thread/INFO]: Preparing level "world"
[19:33:26] [Folia Async Scheduler Thread #1/INFO]: [SkinsRestorer] ----------------------------------------------
[19:33:26] [Folia Async Scheduler Thread #1/INFO]: [SkinsRestorer]     +==================+
[19:33:26] [Folia Async Scheduler Thread #1/INFO]: [SkinsRestorer]     |   SkinsRestorer  |
[19:33:26] [Folia Async Scheduler Thread #1/INFO]: [SkinsRestorer]     |------------------|
[19:33:26] [Folia Async Scheduler Thread #1/INFO]: [SkinsRestorer]     |  Standalone Mode |
[19:33:26] [Folia Async Scheduler Thread #1/INFO]: [SkinsRestorer]     +==================+
[19:33:26] [Folia Async Scheduler Thread #1/INFO]: [SkinsRestorer] ----------------------------------------------
[19:33:26] [Folia Async Scheduler Thread #1/INFO]: [SkinsRestorer]     Version: 15.7.7
[19:33:26] [Folia Async Scheduler Thread #1/INFO]: [SkinsRestorer]     Commit: 7eff058
[19:33:26] [Folia Async Scheduler Thread #1/INFO]: [SkinsRestorer]     A new version (15.7.8) is available! Downloading update...
[19:33:26] [Folia Async Scheduler Thread #1/INFO]: [SkinsRestorer] ----------------------------------------------
[19:33:26] [Folia Async Scheduler Thread #1/INFO]: [SkinsRestorer] Do you have issues? Read our troubleshooting guide: https://skinsrestorer.net/docs/troubleshooting
[19:33:26] [Folia Async Scheduler Thread #1/INFO]: [SkinsRestorer] Want to support SkinsRestorer? Consider donating: https://skinsrestorer.net/donate
[19:33:26] [Folia Async Scheduler Thread #1/INFO]: [SkinsRestorer] [GitHubUpdate] Downloading update...
[19:33:27] [Server thread/INFO]: Preparing start region for dimension minecraft:overworld
[19:33:27] [Folia Async Scheduler Thread #1/INFO]: [SkinsRestorer] [GitHubUpdate] Downloaded update in 602ms
[19:33:27] [Folia Async Scheduler Thread #1/INFO]: [SkinsRestorer] [GitHubUpdate] Update saved as SkinsRestorer.jar
[19:33:27] [Folia Async Scheduler Thread #1/INFO]: [SkinsRestorer] [GitHubUpdate] The update will be loaded on the next server restart
[19:33:27] [Server thread/INFO]: Preparing spawn area: 0%
[19:33:27] [Server thread/INFO]: Preparing spawn area: 2%
[19:33:28] [Server thread/INFO]: Time elapsed: 867 ms
[19:33:28] [Server thread/INFO]: Preparing start region for dimension minecraft:the_nether
[19:33:28] [Server thread/INFO]: Preparing spawn area: 0%
[19:33:28] [Server thread/INFO]: Time elapsed: 280 ms
[19:33:28] [Server thread/INFO]: Preparing start region for dimension minecraft:the_end
[19:33:28] [Server thread/INFO]: Preparing spawn area: 0%
[19:33:28] [Server thread/INFO]: Time elapsed: 426 ms
[19:33:29] [Server thread/INFO]: [spark] Starting background profiler...
[19:33:29] [Server thread/INFO]: Done preparing level "world" (2.656s)
[19:33:29] [Server thread/INFO]: Running delayed init tasks
[19:33:29] [Server thread/INFO]: Done (15.389s)! For help, type "help"
[19:34:13] [User Authenticator #0/INFO]: UUID of player Chefri is 34b4bdde-e783-30cb-99b5-1d7564c66577
[19:34:13] [Server thread/INFO]: [HorriblePlayerLoginEventHack] You have plugins listening to the PlayerLoginEvent, this will cause re-configuration APIs to be unavailable: [SkinsRestorer]
[19:34:15] [Server thread/INFO]: Chefri joined the game
[19:34:15] [Server thread/INFO]: Chefri[/127.255.241.128:43333] logged in with entity id 11 at ([world]1294.4100218334681, 71.0, 15.915786649402419)
[19:39:24] [Server thread/INFO]: Seed: [7685039860230966150]
[19:41:24] [Async Chat Thread - #0/INFO]: [Not Secure] <Chefri> 1744 ~ -368
